Added Component: Designator=J?(GCT_DCJ200-10-A-XX-X_REVA)
Add component (AddParameter): Name = "Availability"; Value = "Unavailable"; VariantName = "[No Variations]"
Add component (AddParameter): Name = "Check_prices"; Value = "https://www.snapeda.com/parts/DCJ200-10-A-K1-K/Global+Connector+Technology/view-part/?ref=eda"; VariantName = "[No Variations]"
Add component (AddParameter): Name = "MF"; Value = "Global Connector Technology"; VariantName = "[No Variations]"
Add component (AddParameter): Name = "MP"; Value = "DCJ200-10-A-K1-K"; VariantName = "[No Variations]"
Add component (AddParameter): Name = "Package"; Value = "None"; VariantName = "[No Variations]"
Add component (AddParameter): Name = "Price"; Value = "None"; VariantName = "[No Variations]"
Add component (AddParameter): Name = "SnapEDA_Link"; Value = "https://www.snapeda.com/parts/DCJ200-10-A-K1-K/Global+Connector+Technology/view-part/?ref=snap"; VariantName = "[No Variations]"
Add component (AddParameter): Name = "Value"; Value = ""; VariantName = "[No Variations]"
Added Component: Designator=U?(TO127P2020X500X2100-15)
Add component (AddParameter): Name = "Availability"; Value = "Unavailable"; VariantName = "[No Variations]"
Add component (AddParameter): Name = "MF"; Value = ""; VariantName = "[No Variations]"
Add component (AddParameter): Name = "MP"; Value = "L298N"; VariantName = "[No Variations]"
Add component (AddParameter): Name = "Package"; Value = "None"; VariantName = "[No Variations]"
Add component (AddParameter): Name = "Price"; Value = "None"; VariantName = "[No Variations]"
Add component (AddParameter): Name = "Value"; Value = ""; VariantName = "[No Variations]"
Added Component: Designator=U?(QFN50P400X400X95-24N)
Add component (AddParameter): Name = "Availability"; Value = "In Stock"; VariantName = "[No Variations]"
Add component (AddParameter): Name = "Check_prices"; Value = "https://www.snapeda.com/parts/MPU-6050/TDK+InvenSense/view-part/?ref=eda"; VariantName = "[No Variations]"
Add component (AddParameter): Name = "MF"; Value = "TDK InvenSense"; VariantName = "[No Variations]"
Add component (AddParameter): Name = "MP"; Value = "MPU-6050"; VariantName = "[No Variations]"
Add component (AddParameter): Name = "Package"; Value = "QFN-24 InvenSense"; VariantName = "[No Variations]"
Add component (AddParameter): Name = "Price"; Value = "None"; VariantName = "[No Variations]"
Add component (AddParameter): Name = "Purchase-URL"; Value = "https://pricing.snapeda.com/search/part/MPU-6050/?ref=eda"; VariantName = "[No Variations]"
Add component (AddParameter): Name = "SnapEDA_Link"; Value = "https://www.snapeda.com/parts/MPU-6050/TDK+InvenSense/view-part/?ref=snap"; VariantName = "[No Variations]"
Add component (AddParameter): Name = "Value"; Value = ""; VariantName = "[No Variations]"
Added Component: Designator=U?(MODULE_ABX00053)
Add component (AddParameter): Name = "Check_prices"; Value = "https://www.snapeda.com/parts/ABX00053/Arduino/view-part/?ref=eda"; VariantName = "[No Variations]"
Add component (AddParameter): Name = "Digi-Key_Part_Number"; Value = "1050-ABX00053-ND"; VariantName = "[No Variations]"
Add component (AddParameter): Name = "MF"; Value = "Arduino"; VariantName = "[No Variations]"
Add component (AddParameter): Name = "MP"; Value = "ABX00053"; VariantName = "[No Variations]"
Add component (AddParameter): Name = "Package"; Value = "None"; VariantName = "[No Variations]"
Add component (AddParameter): Name = "Purchase-URL"; Value = "https://pricing.snapeda.com/search/part/ABX00053/?ref=eda"; VariantName = "[No Variations]"
Add component (AddParameter): Name = "SnapEDA_Link"; Value = "https://www.snapeda.com/parts/ABX00053/Arduino/view-part/?ref=snap"; VariantName = "[No Variations]"
Add component (AddParameter): Name = "Value"; Value = ""; VariantName = "[No Variations]"
Added Component: Designator=U?(XCVR_HC-SR04)
Add component (AddParameter): Name = "Availability"; Value = "Unavailable"; VariantName = "[No Variations]"
Add component (AddParameter): Name = "MF"; Value = ""; VariantName = "[No Variations]"
Add component (AddParameter): Name = "MP"; Value = "HC-SR04"; VariantName = "[No Variations]"
Add component (AddParameter): Name = "Package"; Value = "None"; VariantName = "[No Variations]"
Add component (AddParameter): Name = "Price"; Value = "None"; VariantName = "[No Variations]"
Add component (AddParameter): Name = "Value"; Value = ""; VariantName = "[No Variations]"
Added Pin To Net: NetName=ECHO Pin=U?-3
Added Pin To Net: NetName=ECHO Pin=U?-26
Added Net: Name=ECHO
Added Pin To Net: NetName=ENA Pin=U?-5
Added Pin To Net: NetName=ENA Pin=U?-6
Added Net: Name=ENA
Added Pin To Net: NetName=ENB Pin=U?-6
Added Pin To Net: NetName=ENB Pin=U?-11
Added Net: Name=ENB
Added Pin To Net: NetName=GND Pin=J?-2
Added Pin To Net: NetName=GND Pin=J?-3
Added Pin To Net: NetName=GND Pin=U?-1
Added Pin To Net: NetName=GND Pin=U?-4
Added Pin To Net: NetName=GND Pin=U?-8
Added Pin To Net: NetName=GND Pin=U?-13
Added Pin To Net: NetName=GND Pin=U?-15
Added Pin To Net: NetName=GND Pin=U?-18
Added Pin To Net: NetName=GND Pin=U?-18
Added Net: Name=GND
Added Pin To Net: NetName=IN1 Pin=U?-5
Added Pin To Net: NetName=IN1 Pin=U?-20
Added Net: Name=IN1
Added Pin To Net: NetName=IN2 Pin=U?-7
Added Pin To Net: NetName=IN2 Pin=U?-21
Added Net: Name=IN2
Added Pin To Net: NetName=IN3 Pin=U?-10
Added Pin To Net: NetName=IN3 Pin=U?-22
Added Net: Name=IN3
Added Pin To Net: NetName=IN4 Pin=U?-12
Added Pin To Net: NetName=IN4 Pin=U?-23
Added Net: Name=IN4
Added Net: Name=NetD?_2
Added Pin To Net: NetName=NetJ?_1 Pin=J?-1
Added Net: Name=NetJ?_1
Added Net: Name=NetM?_2
Added Net: Name=NetM?_3
Added Pin To Net: NetName=OUT1 Pin=U?-2
Added Net: Name=OUT1
Added Pin To Net: NetName=OUT2 Pin=U?-3
Added Net: Name=OUT2
Added Pin To Net: NetName=OUT3 Pin=U?-13
Added Net: Name=OUT3
Added Pin To Net: NetName=OUT4 Pin=U?-14
Added Net: Name=OUT4
Added Pin To Net: NetName=SCL Pin=U?-9
Added Pin To Net: NetName=SCL Pin=U?-23
Added Net: Name=SCL
Added Pin To Net: NetName=SDA Pin=U?-8
Added Pin To Net: NetName=SDA Pin=U?-24
Added Net: Name=SDA
Added Pin To Net: NetName=TRIG Pin=U?-2
Added Pin To Net: NetName=TRIG Pin=U?-25
Added Net: Name=TRIG
Added Pin To Net: NetName=VSS Pin=U?-1
Added Pin To Net: NetName=VSS Pin=U?-9
Added Pin To Net: NetName=VSS Pin=U?-12
Added Net: Name=VSS
Added Pin To Net: NetName=Vs Pin=U?-4
Added Pin To Net: NetName=Vs Pin=U?-13
Added Net: Name=Vs
Add Class Member: Failed to add class member : Component D? Zener Diode
Added Member To Class: ClassName=Sheet1 Member=Component J? DCJ200-10-A-XX-X_REVA
Add Class Member: Failed to add class member : Component M? DC Motor
Add Class Member: Failed to add class member : Component M? DC Motor
Add Class Member: Failed to add class member : Component M? P-chanel Power MOSFET VDMOS Model
Add Class Member: Failed to add class member : Component R? Resistor
Added Member To Class: ClassName=Sheet1 Member=Component U? L298N
Added Member To Class: ClassName=Sheet1 Member=Component U? MPU-6050
Added Member To Class: ClassName=Sheet1 Member=Component U? ABX00053
Added Member To Class: ClassName=Sheet1 Member=Component U? HC-SR04
Add Class Member: Failed to add class member : Component X? Fuse
